<?xml version="1.0" encoding="UTF-8" ?>
<testsuite tests="1" failures="0" name="cucumber.options.TestRunner" time="2.686" errors="1" skipped="0">
  <properties>
[...]
</properties>
  <testcase classname="Validating Place API&apos;s" name="Verify if Delete Place API is working" time="2.686">
    <error message="Cannot invoke &quot;io.restassured.specification.RequestSpecification.when()&quot; because &quot;stepDefinations.StepDefination.res&quot; is null" type="java.lang.NullPointerException">java.lang.NullPointerException: Cannot invoke &quot;io.restassured.specification.RequestSpecification.when()&quot; because &quot;stepDefinations.StepDefination.res&quot; is null
	at stepDefinations.StepDefination.user_calls_with_http_request(StepDefination.java:60)
	at ✽.user calls &quot;DeletePlaceAPI&quot; with &quot;Post&quot; http request(file:///C:/Amol/LunaWorkSpace/E2EAPIFrameworkCucumber/src/test/java/features/placevalidations.feature:20)
</error>
    <system-out>/maps/api/place/delete/json
</system-out>
  </testcase>
</testsuite>